<?xml version="1.0" encoding="UTF-8"?>
<!-- Generated by org.testng.reporters.JUnitReportReporter -->
<testsuite skipped="5" hostname="CSLH1613" name="Gnrl.prodFlow" tests="6" failures="0" timestamp="2020-05-07T07:06:35 IST" time="8.538" errors="0">
  <testcase name="Login" time="8.538" classname="Gnrl.prodFlow"/>
  <system-out/>
  <testcase name="compare2" classname="Gnrl.prodFlow">
    <skipped/>
  </testcase> <!-- compare2 -->
  <system-out/>
  <testcase name="add_2_cart" classname="Gnrl.prodFlow">
    <skipped/>
  </testcase> <!-- add_2_cart -->
  <system-out/>
  <testcase name="add_2_cart_2" classname="Gnrl.prodFlow">
    <skipped/>
  </testcase> <!-- add_2_cart_2 -->
  <system-out/>
  <testcase name="Quantity_DeliveryAddress" classname="Gnrl.prodFlow">
    <skipped/>
  </testcase> <!-- Quantity_DeliveryAddress -->
  <system-out/>
  <testcase name="compare" classname="Gnrl.prodFlow">
    <skipped/>
  </testcase> <!-- compare -->
  <system-out/>
</testsuite> <!-- Gnrl.prodFlow -->
