<?xml version="1.0" encoding="UTF-8"?>
<!-- Generated by org.testng.reporters.JUnitReportReporter -->
<testsuite skipped="1" hostname="CSLH1613" name="Gnrl.Login" tests="1" failures="0" timestamp="2020-05-08T07:08:49 IST" time="0.000" errors="0">
  <testcase name="f" time="0.000" classname="Gnrl.Login">
    <skipped/>
  </testcase> <!-- f -->
  <system-out/>
</testsuite> <!-- Gnrl.Login -->
